Linked: (/home/martin/Documents/repositories/ur_test/devel/.private/ur_dashboard_msgs/lib/pkgconfig/ur_dashboard_msgs.pc, /home/martin/Documents/repositories/ur_test/devel/lib/pkgconfig/ur_dashboard_msgs.pc)
Linked: (/home/martin/Documents/repositories/ur_test/devel/.private/ur_dashboard_msgs/lib/python3/dist-packages/ur_dashboard_msgs/__init__.py, /home/martin/Documents/repositories/ur_test/devel/lib/python3/dist-packages/ur_dashboard_msgs/__init__.py)
Linked: (/home/martin/Documents/repositories/ur_test/devel/.private/ur_dashboard_msgs/lib/python3/dist-packages/ur_dashboard_msgs/msg/_SetModeActionFeedback.py, /home/martin/Documents/repositories/ur_test/devel/lib/python3/dist-packages/ur_dashboard_msgs/msg/_SetModeActionFeedback.py)
Linked: (/home/martin/Documents/repositories/ur_test/devel/.private/ur_dashboard_msgs/lib/python3/dist-packages/ur_dashboard_msgs/msg/_ProgramState.py, /home/martin/Documents/repositories/ur_test/devel/lib/python3/dist-packages/ur_dashboard_msgs/msg/_ProgramState.py)
Linked: (/home/martin/Documents/repositories/ur_test/devel/.private/ur_dashboard_msgs/lib/python3/dist-packages/ur_dashboard_msgs/msg/__init__.py, /home/martin/Documents/repositories/ur_test/devel/lib/python3/dist-packages/ur_dashboard_msgs/msg/__init__.py)
Linked: (/home/martin/Documents/repositories/ur_test/devel/.private/ur_dashboard_msgs/lib/python3/dist-packages/ur_dashboard_msgs/msg/_SetModeResult.py, /home/martin/Documents/repositories/ur_test/devel/lib/python3/dist-packages/ur_dashboard_msgs/msg/_SetModeResult.py)
Linked: (/home/martin/Documents/repositories/ur_test/devel/.private/ur_dashboard_msgs/lib/python3/dist-packages/ur_dashboard_msgs/msg/_SetModeActionResult.py, /home/martin/Documents/repositories/ur_test/devel/lib/python3/dist-packages/ur_dashboard_msgs/msg/_SetModeActionResult.py)
Linked: (/home/martin/Documents/repositories/ur_test/devel/.private/ur_dashboard_msgs/lib/python3/dist-packages/ur_dashboard_msgs/msg/_SetModeFeedback.py, /home/martin/Documents/repositories/ur_test/devel/lib/python3/dist-packages/ur_dashboard_msgs/msg/_SetModeFeedback.py)
Linked: (/home/martin/Documents/repositories/ur_test/devel/.private/ur_dashboard_msgs/lib/python3/dist-packages/ur_dashboard_msgs/msg/_SetModeGoal.py, /home/martin/Documents/repositories/ur_test/devel/lib/python3/dist-packages/ur_dashboard_msgs/msg/_SetModeGoal.py)
Linked: (/home/martin/Documents/repositories/ur_test/devel/.private/ur_dashboard_msgs/lib/python3/dist-packages/ur_dashboard_msgs/msg/_RobotMode.py, /home/martin/Documents/repositories/ur_test/devel/lib/python3/dist-packages/ur_dashboard_msgs/msg/_RobotMode.py)
Linked: (/home/martin/Documents/repositories/ur_test/devel/.private/ur_dashboard_msgs/lib/python3/dist-packages/ur_dashboard_msgs/msg/_SetModeAction.py, /home/martin/Documents/repositories/ur_test/devel/lib/python3/dist-packages/ur_dashboard_msgs/msg/_SetModeAction.py)
Linked: (/home/martin/Documents/repositories/ur_test/devel/.private/ur_dashboard_msgs/lib/python3/dist-packages/ur_dashboard_msgs/msg/_SafetyMode.py, /home/martin/Documents/repositories/ur_test/devel/lib/python3/dist-packages/ur_dashboard_msgs/msg/_SafetyMode.py)
Linked: (/home/martin/Documents/repositories/ur_test/devel/.private/ur_dashboard_msgs/lib/python3/dist-packages/ur_dashboard_msgs/msg/_SetModeActionGoal.py, /home/martin/Documents/repositories/ur_test/devel/lib/python3/dist-packages/ur_dashboard_msgs/msg/_SetModeActionGoal.py)
Linked: (/home/martin/Documents/repositories/ur_test/devel/.private/ur_dashboard_msgs/lib/python3/dist-packages/ur_dashboard_msgs/srv/_IsProgramRunning.py, /home/martin/Documents/repositories/ur_test/devel/lib/python3/dist-packages/ur_dashboard_msgs/srv/_IsProgramRunning.py)
Linked: (/home/martin/Documents/repositories/ur_test/devel/.private/ur_dashboard_msgs/lib/python3/dist-packages/ur_dashboard_msgs/srv/_RawRequest.py, /home/martin/Documents/repositories/ur_test/devel/lib/python3/dist-packages/ur_dashboard_msgs/srv/_RawRequest.py)
Linked: (/home/martin/Documents/repositories/ur_test/devel/.private/ur_dashboard_msgs/lib/python3/dist-packages/ur_dashboard_msgs/srv/__init__.py, /home/martin/Documents/repositories/ur_test/devel/lib/python3/dist-packages/ur_dashboard_msgs/srv/__init__.py)
Linked: (/home/martin/Documents/repositories/ur_test/devel/.private/ur_dashboard_msgs/lib/python3/dist-packages/ur_dashboard_msgs/srv/_GetRobotMode.py, /home/martin/Documents/repositories/ur_test/devel/lib/python3/dist-packages/ur_dashboard_msgs/srv/_GetRobotMode.py)
Linked: (/home/martin/Documents/repositories/ur_test/devel/.private/ur_dashboard_msgs/lib/python3/dist-packages/ur_dashboard_msgs/srv/_Load.py, /home/martin/Documents/repositories/ur_test/devel/lib/python3/dist-packages/ur_dashboard_msgs/srv/_Load.py)
Linked: (/home/martin/Documents/repositories/ur_test/devel/.private/ur_dashboard_msgs/lib/python3/dist-packages/ur_dashboard_msgs/srv/_GetLoadedProgram.py, /home/martin/Documents/repositories/ur_test/devel/lib/python3/dist-packages/ur_dashboard_msgs/srv/_GetLoadedProgram.py)
Linked: (/home/martin/Documents/repositories/ur_test/devel/.private/ur_dashboard_msgs/lib/python3/dist-packages/ur_dashboard_msgs/srv/_GetSafetyMode.py, /home/martin/Documents/repositories/ur_test/devel/lib/python3/dist-packages/ur_dashboard_msgs/srv/_GetSafetyMode.py)
Linked: (/home/martin/Documents/repositories/ur_test/devel/.private/ur_dashboard_msgs/lib/python3/dist-packages/ur_dashboard_msgs/srv/_IsProgramSaved.py, /home/martin/Documents/repositories/ur_test/devel/lib/python3/dist-packages/ur_dashboard_msgs/srv/_IsProgramSaved.py)
Linked: (/home/martin/Documents/repositories/ur_test/devel/.private/ur_dashboard_msgs/lib/python3/dist-packages/ur_dashboard_msgs/srv/_Popup.py, /home/martin/Documents/repositories/ur_test/devel/lib/python3/dist-packages/ur_dashboard_msgs/srv/_Popup.py)
Linked: (/home/martin/Documents/repositories/ur_test/devel/.private/ur_dashboard_msgs/lib/python3/dist-packages/ur_dashboard_msgs/srv/_GetProgramState.py, /home/martin/Documents/repositories/ur_test/devel/lib/python3/dist-packages/ur_dashboard_msgs/srv/_GetProgramState.py)
Linked: (/home/martin/Documents/repositories/ur_test/devel/.private/ur_dashboard_msgs/lib/python3/dist-packages/ur_dashboard_msgs/srv/_AddToLog.py, /home/martin/Documents/repositories/ur_test/devel/lib/python3/dist-packages/ur_dashboard_msgs/srv/_AddToLog.py)
Linked: (/home/martin/Documents/repositories/ur_test/devel/.private/ur_dashboard_msgs/share/gennodejs/ros/ur_dashboard_msgs/_index.js, /home/martin/Documents/repositories/ur_test/devel/share/gennodejs/ros/ur_dashboard_msgs/_index.js)
Linked: (/home/martin/Documents/repositories/ur_test/devel/.private/ur_dashboard_msgs/share/gennodejs/ros/ur_dashboard_msgs/msg/SetModeGoal.js, /home/martin/Documents/repositories/ur_test/devel/share/gennodejs/ros/ur_dashboard_msgs/msg/SetModeGoal.js)
Linked: (/home/martin/Documents/repositories/ur_test/devel/.private/ur_dashboard_msgs/share/gennodejs/ros/ur_dashboard_msgs/msg/SetModeActionFeedback.js, /home/martin/Documents/repositories/ur_test/devel/share/gennodejs/ros/ur_dashboard_msgs/msg/SetModeActionFeedback.js)
Linked: (/home/martin/Documents/repositories/ur_test/devel/.private/ur_dashboard_msgs/share/gennodejs/ros/ur_dashboard_msgs/msg/SetModeFeedback.js, /home/martin/Documents/repositories/ur_test/devel/share/gennodejs/ros/ur_dashboard_msgs/msg/SetModeFeedback.js)
Linked: (/home/martin/Documents/repositories/ur_test/devel/.private/ur_dashboard_msgs/share/gennodejs/ros/ur_dashboard_msgs/msg/SetModeResult.js, /home/martin/Documents/repositories/ur_test/devel/share/gennodejs/ros/ur_dashboard_msgs/msg/SetModeResult.js)
Linked: (/home/martin/Documents/repositories/ur_test/devel/.private/ur_dashboard_msgs/share/gennodejs/ros/ur_dashboard_msgs/msg/SetModeActionGoal.js, /home/martin/Documents/repositories/ur_test/devel/share/gennodejs/ros/ur_dashboard_msgs/msg/SetModeActionGoal.js)
Linked: (/home/martin/Documents/repositories/ur_test/devel/.private/ur_dashboard_msgs/share/gennodejs/ros/ur_dashboard_msgs/msg/SetModeAction.js, /home/martin/Documents/repositories/ur_test/devel/share/gennodejs/ros/ur_dashboard_msgs/msg/SetModeAction.js)
Linked: (/home/martin/Documents/repositories/ur_test/devel/.private/ur_dashboard_msgs/share/gennodejs/ros/ur_dashboard_msgs/msg/ProgramState.js, /home/martin/Documents/repositories/ur_test/devel/share/gennodejs/ros/ur_dashboard_msgs/msg/ProgramState.js)
Linked: (/home/martin/Documents/repositories/ur_test/devel/.private/ur_dashboard_msgs/share/gennodejs/ros/ur_dashboard_msgs/msg/_index.js, /home/martin/Documents/repositories/ur_test/devel/share/gennodejs/ros/ur_dashboard_msgs/msg/_index.js)
Linked: (/home/martin/Documents/repositories/ur_test/devel/.private/ur_dashboard_msgs/share/gennodejs/ros/ur_dashboard_msgs/msg/SafetyMode.js, /home/martin/Documents/repositories/ur_test/devel/share/gennodejs/ros/ur_dashboard_msgs/msg/SafetyMode.js)
Linked: (/home/martin/Documents/repositories/ur_test/devel/.private/ur_dashboard_msgs/share/gennodejs/ros/ur_dashboard_msgs/msg/SetModeActionResult.js, /home/martin/Documents/repositories/ur_test/devel/share/gennodejs/ros/ur_dashboard_msgs/msg/SetModeActionResult.js)
Linked: (/home/martin/Documents/repositories/ur_test/devel/.private/ur_dashboard_msgs/share/gennodejs/ros/ur_dashboard_msgs/msg/RobotMode.js, /home/martin/Documents/repositories/ur_test/devel/share/gennodejs/ros/ur_dashboard_msgs/msg/RobotMode.js)
Linked: (/home/martin/Documents/repositories/ur_test/devel/.private/ur_dashboard_msgs/share/gennodejs/ros/ur_dashboard_msgs/srv/RawRequest.js, /home/martin/Documents/repositories/ur_test/devel/share/gennodejs/ros/ur_dashboard_msgs/srv/RawRequest.js)
Linked: (/home/martin/Documents/repositories/ur_test/devel/.private/ur_dashboard_msgs/share/gennodejs/ros/ur_dashboard_msgs/srv/IsProgramRunning.js, /home/martin/Documents/repositories/ur_test/devel/share/gennodejs/ros/ur_dashboard_msgs/srv/IsProgramRunning.js)
Linked: (/home/martin/Documents/repositories/ur_test/devel/.private/ur_dashboard_msgs/share/gennodejs/ros/ur_dashboard_msgs/srv/Load.js, /home/martin/Documents/repositories/ur_test/devel/share/gennodejs/ros/ur_dashboard_msgs/srv/Load.js)
Linked: (/home/martin/Documents/repositories/ur_test/devel/.private/ur_dashboard_msgs/share/gennodejs/ros/ur_dashboard_msgs/srv/AddToLog.js, /home/martin/Documents/repositories/ur_test/devel/share/gennodejs/ros/ur_dashboard_msgs/srv/AddToLog.js)
Linked: (/home/martin/Documents/repositories/ur_test/devel/.private/ur_dashboard_msgs/share/gennodejs/ros/ur_dashboard_msgs/srv/IsProgramSaved.js, /home/martin/Documents/repositories/ur_test/devel/share/gennodejs/ros/ur_dashboard_msgs/srv/IsProgramSaved.js)
Linked: (/home/martin/Documents/repositories/ur_test/devel/.private/ur_dashboard_msgs/share/gennodejs/ros/ur_dashboard_msgs/srv/GetSafetyMode.js, /home/martin/Documents/repositories/ur_test/devel/share/gennodejs/ros/ur_dashboard_msgs/srv/GetSafetyMode.js)
Linked: (/home/martin/Documents/repositories/ur_test/devel/.private/ur_dashboard_msgs/share/gennodejs/ros/ur_dashboard_msgs/srv/GetRobotMode.js, /home/martin/Documents/repositories/ur_test/devel/share/gennodejs/ros/ur_dashboard_msgs/srv/GetRobotMode.js)
Linked: (/home/martin/Documents/repositories/ur_test/devel/.private/ur_dashboard_msgs/share/gennodejs/ros/ur_dashboard_msgs/srv/GetLoadedProgram.js, /home/martin/Documents/repositories/ur_test/devel/share/gennodejs/ros/ur_dashboard_msgs/srv/GetLoadedProgram.js)
Linked: (/home/martin/Documents/repositories/ur_test/devel/.private/ur_dashboard_msgs/share/gennodejs/ros/ur_dashboard_msgs/srv/Popup.js, /home/martin/Documents/repositories/ur_test/devel/share/gennodejs/ros/ur_dashboard_msgs/srv/Popup.js)
Linked: (/home/martin/Documents/repositories/ur_test/devel/.private/ur_dashboard_msgs/share/gennodejs/ros/ur_dashboard_msgs/srv/_index.js, /home/martin/Documents/repositories/ur_test/devel/share/gennodejs/ros/ur_dashboard_msgs/srv/_index.js)
Linked: (/home/martin/Documents/repositories/ur_test/devel/.private/ur_dashboard_msgs/share/gennodejs/ros/ur_dashboard_msgs/srv/GetProgramState.js, /home/martin/Documents/repositories/ur_test/devel/share/gennodejs/ros/ur_dashboard_msgs/srv/GetProgramState.js)
Linked: (/home/martin/Documents/repositories/ur_test/devel/.private/ur_dashboard_msgs/share/common-lisp/ros/ur_dashboard_msgs/msg/_package.lisp, /home/martin/Documents/repositories/ur_test/devel/share/common-lisp/ros/ur_dashboard_msgs/msg/_package.lisp)
Linked: (/home/martin/Documents/repositories/ur_test/devel/.private/ur_dashboard_msgs/share/common-lisp/ros/ur_dashboard_msgs/msg/_package_SetModeResult.lisp, /home/martin/Documents/repositories/ur_test/devel/share/common-lisp/ros/ur_dashboard_msgs/msg/_package_SetModeResult.lisp)
Linked: (/home/martin/Documents/repositories/ur_test/devel/.private/ur_dashboard_msgs/share/common-lisp/ros/ur_dashboard_msgs/msg/ProgramState.lisp, /home/martin/Documents/repositories/ur_test/devel/share/common-lisp/ros/ur_dashboard_msgs/msg/ProgramState.lisp)
Linked: (/home/martin/Documents/repositories/ur_test/devel/.private/ur_dashboard_msgs/share/common-lisp/ros/ur_dashboard_msgs/msg/SetModeActionGoal.lisp, /home/martin/Documents/repositories/ur_test/devel/share/common-lisp/ros/ur_dashboard_msgs/msg/SetModeActionGoal.lisp)
Linked: (/home/martin/Documents/repositories/ur_test/devel/.private/ur_dashboard_msgs/share/common-lisp/ros/ur_dashboard_msgs/msg/_package_SafetyMode.lisp, /home/martin/Documents/repositories/ur_test/devel/share/common-lisp/ros/ur_dashboard_msgs/msg/_package_SafetyMode.lisp)
Linked: (/home/martin/Documents/repositories/ur_test/devel/.private/ur_dashboard_msgs/share/common-lisp/ros/ur_dashboard_msgs/msg/_package_RobotMode.lisp, /home/martin/Documents/repositories/ur_test/devel/share/common-lisp/ros/ur_dashboard_msgs/msg/_package_RobotMode.lisp)
Linked: (/home/martin/Documents/repositories/ur_test/devel/.private/ur_dashboard_msgs/share/common-lisp/ros/ur_dashboard_msgs/msg/RobotMode.lisp, /home/martin/Documents/repositories/ur_test/devel/share/common-lisp/ros/ur_dashboard_msgs/msg/RobotMode.lisp)
Linked: (/home/martin/Documents/repositories/ur_test/devel/.private/ur_dashboard_msgs/share/common-lisp/ros/ur_dashboard_msgs/msg/_package_SetModeActionResult.lisp, /home/martin/Documents/repositories/ur_test/devel/share/common-lisp/ros/ur_dashboard_msgs/msg/_package_SetModeActionResult.lisp)
Linked: (/home/martin/Documents/repositories/ur_test/devel/.private/ur_dashboard_msgs/share/common-lisp/ros/ur_dashboard_msgs/msg/_package_SetModeActionGoal.lisp, /home/martin/Documents/repositories/ur_test/devel/share/common-lisp/ros/ur_dashboard_msgs/msg/_package_SetModeActionGoal.lisp)
Linked: (/home/martin/Documents/repositories/ur_test/devel/.private/ur_dashboard_msgs/share/common-lisp/ros/ur_dashboard_msgs/msg/SetModeActionFeedback.lisp, /home/martin/Documents/repositories/ur_test/devel/share/common-lisp/ros/ur_dashboard_msgs/msg/SetModeActionFeedback.lisp)
Linked: (/home/martin/Documents/repositories/ur_test/devel/.private/ur_dashboard_msgs/share/common-lisp/ros/ur_dashboard_msgs/msg/_package_SetModeAction.lisp, /home/martin/Documents/repositories/ur_test/devel/share/common-lisp/ros/ur_dashboard_msgs/msg/_package_SetModeAction.lisp)
Linked: (/home/martin/Documents/repositories/ur_test/devel/.private/ur_dashboard_msgs/share/common-lisp/ros/ur_dashboard_msgs/msg/SetModeActionResult.lisp, /home/martin/Documents/repositories/ur_test/devel/share/common-lisp/ros/ur_dashboard_msgs/msg/SetModeActionResult.lisp)
Linked: (/home/martin/Documents/repositories/ur_test/devel/.private/ur_dashboard_msgs/share/common-lisp/ros/ur_dashboard_msgs/msg/_package_ProgramState.lisp, /home/martin/Documents/repositories/ur_test/devel/share/common-lisp/ros/ur_dashboard_msgs/msg/_package_ProgramState.lisp)
Linked: (/home/martin/Documents/repositories/ur_test/devel/.private/ur_dashboard_msgs/share/common-lisp/ros/ur_dashboard_msgs/msg/SetModeFeedback.lisp, /home/martin/Documents/repositories/ur_test/devel/share/common-lisp/ros/ur_dashboard_msgs/msg/SetModeFeedback.lisp)
Linked: (/home/martin/Documents/repositories/ur_test/devel/.private/ur_dashboard_msgs/share/common-lisp/ros/ur_dashboard_msgs/msg/SetModeAction.lisp, /home/martin/Documents/repositories/ur_test/devel/share/common-lisp/ros/ur_dashboard_msgs/msg/SetModeAction.lisp)
Linked: (/home/martin/Documents/repositories/ur_test/devel/.private/ur_dashboard_msgs/share/common-lisp/ros/ur_dashboard_msgs/msg/_package_SetModeFeedback.lisp, /home/martin/Documents/repositories/ur_test/devel/share/common-lisp/ros/ur_dashboard_msgs/msg/_package_SetModeFeedback.lisp)
Linked: (/home/martin/Documents/repositories/ur_test/devel/.private/ur_dashboard_msgs/share/common-lisp/ros/ur_dashboard_msgs/msg/SafetyMode.lisp, /home/martin/Documents/repositories/ur_test/devel/share/common-lisp/ros/ur_dashboard_msgs/msg/SafetyMode.lisp)
Linked: (/home/martin/Documents/repositories/ur_test/devel/.private/ur_dashboard_msgs/share/common-lisp/ros/ur_dashboard_msgs/msg/ur_dashboard_msgs-msg.asd, /home/martin/Documents/repositories/ur_test/devel/share/common-lisp/ros/ur_dashboard_msgs/msg/ur_dashboard_msgs-msg.asd)
Linked: (/home/martin/Documents/repositories/ur_test/devel/.private/ur_dashboard_msgs/share/common-lisp/ros/ur_dashboard_msgs/msg/SetModeGoal.lisp, /home/martin/Documents/repositories/ur_test/devel/share/common-lisp/ros/ur_dashboard_msgs/msg/SetModeGoal.lisp)
Linked: (/home/martin/Documents/repositories/ur_test/devel/.private/ur_dashboard_msgs/share/common-lisp/ros/ur_dashboard_msgs/msg/SetModeResult.lisp, /home/martin/Documents/repositories/ur_test/devel/share/common-lisp/ros/ur_dashboard_msgs/msg/SetModeResult.lisp)
Linked: (/home/martin/Documents/repositories/ur_test/devel/.private/ur_dashboard_msgs/share/common-lisp/ros/ur_dashboard_msgs/msg/_package_SetModeGoal.lisp, /home/martin/Documents/repositories/ur_test/devel/share/common-lisp/ros/ur_dashboard_msgs/msg/_package_SetModeGoal.lisp)
Linked: (/home/martin/Documents/repositories/ur_test/devel/.private/ur_dashboard_msgs/share/common-lisp/ros/ur_dashboard_msgs/msg/_package_SetModeActionFeedback.lisp, /home/martin/Documents/repositories/ur_test/devel/share/common-lisp/ros/ur_dashboard_msgs/msg/_package_SetModeActionFeedback.lisp)
Linked: (/home/martin/Documents/repositories/ur_test/devel/.private/ur_dashboard_msgs/share/common-lisp/ros/ur_dashboard_msgs/srv/_package.lisp, /home/martin/Documents/repositories/ur_test/devel/share/common-lisp/ros/ur_dashboard_msgs/srv/_package.lisp)
Linked: (/home/martin/Documents/repositories/ur_test/devel/.private/ur_dashboard_msgs/share/common-lisp/ros/ur_dashboard_msgs/srv/_package_GetLoadedProgram.lisp, /home/martin/Documents/repositories/ur_test/devel/share/common-lisp/ros/ur_dashboard_msgs/srv/_package_GetLoadedProgram.lisp)
Linked: (/home/martin/Documents/repositories/ur_test/devel/.private/ur_dashboard_msgs/share/common-lisp/ros/ur_dashboard_msgs/srv/IsProgramRunning.lisp, /home/martin/Documents/repositories/ur_test/devel/share/common-lisp/ros/ur_dashboard_msgs/srv/IsProgramRunning.lisp)
Linked: (/home/martin/Documents/repositories/ur_test/devel/.private/ur_dashboard_msgs/share/common-lisp/ros/ur_dashboard_msgs/srv/_package_Popup.lisp, /home/martin/Documents/repositories/ur_test/devel/share/common-lisp/ros/ur_dashboard_msgs/srv/_package_Popup.lisp)
Linked: (/home/martin/Documents/repositories/ur_test/devel/.private/ur_dashboard_msgs/share/common-lisp/ros/ur_dashboard_msgs/srv/Load.lisp, /home/martin/Documents/repositories/ur_test/devel/share/common-lisp/ros/ur_dashboard_msgs/srv/Load.lisp)
Linked: (/home/martin/Documents/repositories/ur_test/devel/.private/ur_dashboard_msgs/share/common-lisp/ros/ur_dashboard_msgs/srv/_package_GetSafetyMode.lisp, /home/martin/Documents/repositories/ur_test/devel/share/common-lisp/ros/ur_dashboard_msgs/srv/_package_GetSafetyMode.lisp)
Linked: (/home/martin/Documents/repositories/ur_test/devel/.private/ur_dashboard_msgs/share/common-lisp/ros/ur_dashboard_msgs/srv/_package_GetProgramState.lisp, /home/martin/Documents/repositories/ur_test/devel/share/common-lisp/ros/ur_dashboard_msgs/srv/_package_GetProgramState.lisp)
Linked: (/home/martin/Documents/repositories/ur_test/devel/.private/ur_dashboard_msgs/share/common-lisp/ros/ur_dashboard_msgs/srv/_package_Load.lisp, /home/martin/Documents/repositories/ur_test/devel/share/common-lisp/ros/ur_dashboard_msgs/srv/_package_Load.lisp)
Linked: (/home/martin/Documents/repositories/ur_test/devel/.private/ur_dashboard_msgs/share/common-lisp/ros/ur_dashboard_msgs/srv/GetLoadedProgram.lisp, /home/martin/Documents/repositories/ur_test/devel/share/common-lisp/ros/ur_dashboard_msgs/srv/GetLoadedProgram.lisp)
Linked: (/home/martin/Documents/repositories/ur_test/devel/.private/ur_dashboard_msgs/share/common-lisp/ros/ur_dashboard_msgs/srv/IsProgramSaved.lisp, /home/martin/Documents/repositories/ur_test/devel/share/common-lisp/ros/ur_dashboard_msgs/srv/IsProgramSaved.lisp)
Linked: (/home/martin/Documents/repositories/ur_test/devel/.private/ur_dashboard_msgs/share/common-lisp/ros/ur_dashboard_msgs/srv/RawRequest.lisp, /home/martin/Documents/repositories/ur_test/devel/share/common-lisp/ros/ur_dashboard_msgs/srv/RawRequest.lisp)
Linked: (/home/martin/Documents/repositories/ur_test/devel/.private/ur_dashboard_msgs/share/common-lisp/ros/ur_dashboard_msgs/srv/ur_dashboard_msgs-srv.asd, /home/martin/Documents/repositories/ur_test/devel/share/common-lisp/ros/ur_dashboard_msgs/srv/ur_dashboard_msgs-srv.asd)
Linked: (/home/martin/Documents/repositories/ur_test/devel/.private/ur_dashboard_msgs/share/common-lisp/ros/ur_dashboard_msgs/srv/GetRobotMode.lisp, /home/martin/Documents/repositories/ur_test/devel/share/common-lisp/ros/ur_dashboard_msgs/srv/GetRobotMode.lisp)
Linked: (/home/martin/Documents/repositories/ur_test/devel/.private/ur_dashboard_msgs/share/common-lisp/ros/ur_dashboard_msgs/srv/Popup.lisp, /home/martin/Documents/repositories/ur_test/devel/share/common-lisp/ros/ur_dashboard_msgs/srv/Popup.lisp)
Linked: (/home/martin/Documents/repositories/ur_test/devel/.private/ur_dashboard_msgs/share/common-lisp/ros/ur_dashboard_msgs/srv/AddToLog.lisp, /home/martin/Documents/repositories/ur_test/devel/share/common-lisp/ros/ur_dashboard_msgs/srv/AddToLog.lisp)
Linked: (/home/martin/Documents/repositories/ur_test/devel/.private/ur_dashboard_msgs/share/common-lisp/ros/ur_dashboard_msgs/srv/GetSafetyMode.lisp, /home/martin/Documents/repositories/ur_test/devel/share/common-lisp/ros/ur_dashboard_msgs/srv/GetSafetyMode.lisp)
Linked: (/home/martin/Documents/repositories/ur_test/devel/.private/ur_dashboard_msgs/share/common-lisp/ros/ur_dashboard_msgs/srv/_package_AddToLog.lisp, /home/martin/Documents/repositories/ur_test/devel/share/common-lisp/ros/ur_dashboard_msgs/srv/_package_AddToLog.lisp)
Linked: (/home/martin/Documents/repositories/ur_test/devel/.private/ur_dashboard_msgs/share/common-lisp/ros/ur_dashboard_msgs/srv/_package_GetRobotMode.lisp, /home/martin/Documents/repositories/ur_test/devel/share/common-lisp/ros/ur_dashboard_msgs/srv/_package_GetRobotMode.lisp)
Linked: (/home/martin/Documents/repositories/ur_test/devel/.private/ur_dashboard_msgs/share/common-lisp/ros/ur_dashboard_msgs/srv/_package_RawRequest.lisp, /home/martin/Documents/repositories/ur_test/devel/share/common-lisp/ros/ur_dashboard_msgs/srv/_package_RawRequest.lisp)
Linked: (/home/martin/Documents/repositories/ur_test/devel/.private/ur_dashboard_msgs/share/common-lisp/ros/ur_dashboard_msgs/srv/_package_IsProgramSaved.lisp, /home/martin/Documents/repositories/ur_test/devel/share/common-lisp/ros/ur_dashboard_msgs/srv/_package_IsProgramSaved.lisp)
Linked: (/home/martin/Documents/repositories/ur_test/devel/.private/ur_dashboard_msgs/share/common-lisp/ros/ur_dashboard_msgs/srv/GetProgramState.lisp, /home/martin/Documents/repositories/ur_test/devel/share/common-lisp/ros/ur_dashboard_msgs/srv/GetProgramState.lisp)
Linked: (/home/martin/Documents/repositories/ur_test/devel/.private/ur_dashboard_msgs/share/common-lisp/ros/ur_dashboard_msgs/srv/_package_IsProgramRunning.lisp, /home/martin/Documents/repositories/ur_test/devel/share/common-lisp/ros/ur_dashboard_msgs/srv/_package_IsProgramRunning.lisp)
Linked: (/home/martin/Documents/repositories/ur_test/devel/.private/ur_dashboard_msgs/share/ur_dashboard_msgs/msg/SetModeResult.msg, /home/martin/Documents/repositories/ur_test/devel/share/ur_dashboard_msgs/msg/SetModeResult.msg)
Linked: (/home/martin/Documents/repositories/ur_test/devel/.private/ur_dashboard_msgs/share/ur_dashboard_msgs/msg/SetModeActionFeedback.msg, /home/martin/Documents/repositories/ur_test/devel/share/ur_dashboard_msgs/msg/SetModeActionFeedback.msg)
Linked: (/home/martin/Documents/repositories/ur_test/devel/.private/ur_dashboard_msgs/share/ur_dashboard_msgs/msg/SetModeFeedback.msg, /home/martin/Documents/repositories/ur_test/devel/share/ur_dashboard_msgs/msg/SetModeFeedback.msg)
Linked: (/home/martin/Documents/repositories/ur_test/devel/.private/ur_dashboard_msgs/share/ur_dashboard_msgs/msg/SetModeActionResult.msg, /home/martin/Documents/repositories/ur_test/devel/share/ur_dashboard_msgs/msg/SetModeActionResult.msg)
Linked: (/home/martin/Documents/repositories/ur_test/devel/.private/ur_dashboard_msgs/share/ur_dashboard_msgs/msg/SetModeGoal.msg, /home/martin/Documents/repositories/ur_test/devel/share/ur_dashboard_msgs/msg/SetModeGoal.msg)
Linked: (/home/martin/Documents/repositories/ur_test/devel/.private/ur_dashboard_msgs/share/ur_dashboard_msgs/msg/SetModeAction.msg, /home/martin/Documents/repositories/ur_test/devel/share/ur_dashboard_msgs/msg/SetModeAction.msg)
Linked: (/home/martin/Documents/repositories/ur_test/devel/.private/ur_dashboard_msgs/share/ur_dashboard_msgs/msg/SetModeActionGoal.msg, /home/martin/Documents/repositories/ur_test/devel/share/ur_dashboard_msgs/msg/SetModeActionGoal.msg)
Linked: (/home/martin/Documents/repositories/ur_test/devel/.private/ur_dashboard_msgs/share/ur_dashboard_msgs/cmake/ur_dashboard_msgsConfig-version.cmake, /home/martin/Documents/repositories/ur_test/devel/share/ur_dashboard_msgs/cmake/ur_dashboard_msgsConfig-version.cmake)
Linked: (/home/martin/Documents/repositories/ur_test/devel/.private/ur_dashboard_msgs/share/ur_dashboard_msgs/cmake/ur_dashboard_msgs-msg-extras.cmake, /home/martin/Documents/repositories/ur_test/devel/share/ur_dashboard_msgs/cmake/ur_dashboard_msgs-msg-extras.cmake)
Linked: (/home/martin/Documents/repositories/ur_test/devel/.private/ur_dashboard_msgs/share/ur_dashboard_msgs/cmake/ur_dashboard_msgs-msg-paths.cmake, /home/martin/Documents/repositories/ur_test/devel/share/ur_dashboard_msgs/cmake/ur_dashboard_msgs-msg-paths.cmake)
Linked: (/home/martin/Documents/repositories/ur_test/devel/.private/ur_dashboard_msgs/share/ur_dashboard_msgs/cmake/ur_dashboard_msgsConfig.cmake, /home/martin/Documents/repositories/ur_test/devel/share/ur_dashboard_msgs/cmake/ur_dashboard_msgsConfig.cmake)
Linked: (/home/martin/Documents/repositories/ur_test/devel/.private/ur_dashboard_msgs/share/roseus/ros/ur_dashboard_msgs/manifest.l, /home/martin/Documents/repositories/ur_test/devel/share/roseus/ros/ur_dashboard_msgs/manifest.l)
Linked: (/home/martin/Documents/repositories/ur_test/devel/.private/ur_dashboard_msgs/share/roseus/ros/ur_dashboard_msgs/msg/SafetyMode.l, /home/martin/Documents/repositories/ur_test/devel/share/roseus/ros/ur_dashboard_msgs/msg/SafetyMode.l)
Linked: (/home/martin/Documents/repositories/ur_test/devel/.private/ur_dashboard_msgs/share/roseus/ros/ur_dashboard_msgs/msg/SetModeActionFeedback.l, /home/martin/Documents/repositories/ur_test/devel/share/roseus/ros/ur_dashboard_msgs/msg/SetModeActionFeedback.l)
Linked: (/home/martin/Documents/repositories/ur_test/devel/.private/ur_dashboard_msgs/share/roseus/ros/ur_dashboard_msgs/msg/SetModeAction.l, /home/martin/Documents/repositories/ur_test/devel/share/roseus/ros/ur_dashboard_msgs/msg/SetModeAction.l)
Linked: (/home/martin/Documents/repositories/ur_test/devel/.private/ur_dashboard_msgs/share/roseus/ros/ur_dashboard_msgs/msg/SetModeGoal.l, /home/martin/Documents/repositories/ur_test/devel/share/roseus/ros/ur_dashboard_msgs/msg/SetModeGoal.l)
Linked: (/home/martin/Documents/repositories/ur_test/devel/.private/ur_dashboard_msgs/share/roseus/ros/ur_dashboard_msgs/msg/SetModeActionResult.l, /home/martin/Documents/repositories/ur_test/devel/share/roseus/ros/ur_dashboard_msgs/msg/SetModeActionResult.l)
Linked: (/home/martin/Documents/repositories/ur_test/devel/.private/ur_dashboard_msgs/share/roseus/ros/ur_dashboard_msgs/msg/ProgramState.l, /home/martin/Documents/repositories/ur_test/devel/share/roseus/ros/ur_dashboard_msgs/msg/ProgramState.l)
Linked: (/home/martin/Documents/repositories/ur_test/devel/.private/ur_dashboard_msgs/share/roseus/ros/ur_dashboard_msgs/msg/SetModeResult.l, /home/martin/Documents/repositories/ur_test/devel/share/roseus/ros/ur_dashboard_msgs/msg/SetModeResult.l)
Linked: (/home/martin/Documents/repositories/ur_test/devel/.private/ur_dashboard_msgs/share/roseus/ros/ur_dashboard_msgs/msg/SetModeFeedback.l, /home/martin/Documents/repositories/ur_test/devel/share/roseus/ros/ur_dashboard_msgs/msg/SetModeFeedback.l)
Linked: (/home/martin/Documents/repositories/ur_test/devel/.private/ur_dashboard_msgs/share/roseus/ros/ur_dashboard_msgs/msg/SetModeActionGoal.l, /home/martin/Documents/repositories/ur_test/devel/share/roseus/ros/ur_dashboard_msgs/msg/SetModeActionGoal.l)
Linked: (/home/martin/Documents/repositories/ur_test/devel/.private/ur_dashboard_msgs/share/roseus/ros/ur_dashboard_msgs/msg/RobotMode.l, /home/martin/Documents/repositories/ur_test/devel/share/roseus/ros/ur_dashboard_msgs/msg/RobotMode.l)
Linked: (/home/martin/Documents/repositories/ur_test/devel/.private/ur_dashboard_msgs/share/roseus/ros/ur_dashboard_msgs/srv/RawRequest.l, /home/martin/Documents/repositories/ur_test/devel/share/roseus/ros/ur_dashboard_msgs/srv/RawRequest.l)
Linked: (/home/martin/Documents/repositories/ur_test/devel/.private/ur_dashboard_msgs/share/roseus/ros/ur_dashboard_msgs/srv/AddToLog.l, /home/martin/Documents/repositories/ur_test/devel/share/roseus/ros/ur_dashboard_msgs/srv/AddToLog.l)
Linked: (/home/martin/Documents/repositories/ur_test/devel/.private/ur_dashboard_msgs/share/roseus/ros/ur_dashboard_msgs/srv/GetLoadedProgram.l, /home/martin/Documents/repositories/ur_test/devel/share/roseus/ros/ur_dashboard_msgs/srv/GetLoadedProgram.l)
Linked: (/home/martin/Documents/repositories/ur_test/devel/.private/ur_dashboard_msgs/share/roseus/ros/ur_dashboard_msgs/srv/IsProgramSaved.l, /home/martin/Documents/repositories/ur_test/devel/share/roseus/ros/ur_dashboard_msgs/srv/IsProgramSaved.l)
Linked: (/home/martin/Documents/repositories/ur_test/devel/.private/ur_dashboard_msgs/share/roseus/ros/ur_dashboard_msgs/srv/Popup.l, /home/martin/Documents/repositories/ur_test/devel/share/roseus/ros/ur_dashboard_msgs/srv/Popup.l)
Linked: (/home/martin/Documents/repositories/ur_test/devel/.private/ur_dashboard_msgs/share/roseus/ros/ur_dashboard_msgs/srv/GetSafetyMode.l, /home/martin/Documents/repositories/ur_test/devel/share/roseus/ros/ur_dashboard_msgs/srv/GetSafetyMode.l)
Linked: (/home/martin/Documents/repositories/ur_test/devel/.private/ur_dashboard_msgs/share/roseus/ros/ur_dashboard_msgs/srv/Load.l, /home/martin/Documents/repositories/ur_test/devel/share/roseus/ros/ur_dashboard_msgs/srv/Load.l)
Linked: (/home/martin/Documents/repositories/ur_test/devel/.private/ur_dashboard_msgs/share/roseus/ros/ur_dashboard_msgs/srv/GetRobotMode.l, /home/martin/Documents/repositories/ur_test/devel/share/roseus/ros/ur_dashboard_msgs/srv/GetRobotMode.l)
Linked: (/home/martin/Documents/repositories/ur_test/devel/.private/ur_dashboard_msgs/share/roseus/ros/ur_dashboard_msgs/srv/GetProgramState.l, /home/martin/Documents/repositories/ur_test/devel/share/roseus/ros/ur_dashboard_msgs/srv/GetProgramState.l)
Linked: (/home/martin/Documents/repositories/ur_test/devel/.private/ur_dashboard_msgs/share/roseus/ros/ur_dashboard_msgs/srv/IsProgramRunning.l, /home/martin/Documents/repositories/ur_test/devel/share/roseus/ros/ur_dashboard_msgs/srv/IsProgramRunning.l)
Linked: (/home/martin/Documents/repositories/ur_test/devel/.private/ur_dashboard_msgs/include/ur_dashboard_msgs/RawRequestResponse.h, /home/martin/Documents/repositories/ur_test/devel/include/ur_dashboard_msgs/RawRequestResponse.h)
Linked: (/home/martin/Documents/repositories/ur_test/devel/.private/ur_dashboard_msgs/include/ur_dashboard_msgs/LoadResponse.h, /home/martin/Documents/repositories/ur_test/devel/include/ur_dashboard_msgs/LoadResponse.h)
Linked: (/home/martin/Documents/repositories/ur_test/devel/.private/ur_dashboard_msgs/include/ur_dashboard_msgs/Popup.h, /home/martin/Documents/repositories/ur_test/devel/include/ur_dashboard_msgs/Popup.h)
Linked: (/home/martin/Documents/repositories/ur_test/devel/.private/ur_dashboard_msgs/include/ur_dashboard_msgs/GetRobotModeResponse.h, /home/martin/Documents/repositories/ur_test/devel/include/ur_dashboard_msgs/GetRobotModeResponse.h)
Linked: (/home/martin/Documents/repositories/ur_test/devel/.private/ur_dashboard_msgs/include/ur_dashboard_msgs/AddToLogRequest.h, /home/martin/Documents/repositories/ur_test/devel/include/ur_dashboard_msgs/AddToLogRequest.h)
Linked: (/home/martin/Documents/repositories/ur_test/devel/.private/ur_dashboard_msgs/include/ur_dashboard_msgs/GetLoadedProgram.h, /home/martin/Documents/repositories/ur_test/devel/include/ur_dashboard_msgs/GetLoadedProgram.h)
Linked: (/home/martin/Documents/repositories/ur_test/devel/.private/ur_dashboard_msgs/include/ur_dashboard_msgs/SetModeFeedback.h, /home/martin/Documents/repositories/ur_test/devel/include/ur_dashboard_msgs/SetModeFeedback.h)
Linked: (/home/martin/Documents/repositories/ur_test/devel/.private/ur_dashboard_msgs/include/ur_dashboard_msgs/AddToLogResponse.h, /home/martin/Documents/repositories/ur_test/devel/include/ur_dashboard_msgs/AddToLogResponse.h)
Linked: (/home/martin/Documents/repositories/ur_test/devel/.private/ur_dashboard_msgs/include/ur_dashboard_msgs/GetRobotMode.h, /home/martin/Documents/repositories/ur_test/devel/include/ur_dashboard_msgs/GetRobotMode.h)
Linked: (/home/martin/Documents/repositories/ur_test/devel/.private/ur_dashboard_msgs/include/ur_dashboard_msgs/SetModeAction.h, /home/martin/Documents/repositories/ur_test/devel/include/ur_dashboard_msgs/SetModeAction.h)
Linked: (/home/martin/Documents/repositories/ur_test/devel/.private/ur_dashboard_msgs/include/ur_dashboard_msgs/ProgramState.h, /home/martin/Documents/repositories/ur_test/devel/include/ur_dashboard_msgs/ProgramState.h)
Linked: (/home/martin/Documents/repositories/ur_test/devel/.private/ur_dashboard_msgs/include/ur_dashboard_msgs/GetLoadedProgramResponse.h, /home/martin/Documents/repositories/ur_test/devel/include/ur_dashboard_msgs/GetLoadedProgramResponse.h)
Linked: (/home/martin/Documents/repositories/ur_test/devel/.private/ur_dashboard_msgs/include/ur_dashboard_msgs/GetProgramStateResponse.h, /home/martin/Documents/repositories/ur_test/devel/include/ur_dashboard_msgs/GetProgramStateResponse.h)
Linked: (/home/martin/Documents/repositories/ur_test/devel/.private/ur_dashboard_msgs/include/ur_dashboard_msgs/Load.h, /home/martin/Documents/repositories/ur_test/devel/include/ur_dashboard_msgs/Load.h)
Linked: (/home/martin/Documents/repositories/ur_test/devel/.private/ur_dashboard_msgs/include/ur_dashboard_msgs/PopupResponse.h, /home/martin/Documents/repositories/ur_test/devel/include/ur_dashboard_msgs/PopupResponse.h)
Linked: (/home/martin/Documents/repositories/ur_test/devel/.private/ur_dashboard_msgs/include/ur_dashboard_msgs/PopupRequest.h, /home/martin/Documents/repositories/ur_test/devel/include/ur_dashboard_msgs/PopupRequest.h)
Linked: (/home/martin/Documents/repositories/ur_test/devel/.private/ur_dashboard_msgs/include/ur_dashboard_msgs/GetProgramStateRequest.h, /home/martin/Documents/repositories/ur_test/devel/include/ur_dashboard_msgs/GetProgramStateRequest.h)
Linked: (/home/martin/Documents/repositories/ur_test/devel/.private/ur_dashboard_msgs/include/ur_dashboard_msgs/IsProgramSavedResponse.h, /home/martin/Documents/repositories/ur_test/devel/include/ur_dashboard_msgs/IsProgramSavedResponse.h)
Linked: (/home/martin/Documents/repositories/ur_test/devel/.private/ur_dashboard_msgs/include/ur_dashboard_msgs/GetSafetyModeResponse.h, /home/martin/Documents/repositories/ur_test/devel/include/ur_dashboard_msgs/GetSafetyModeResponse.h)
Linked: (/home/martin/Documents/repositories/ur_test/devel/.private/ur_dashboard_msgs/include/ur_dashboard_msgs/RawRequestRequest.h, /home/martin/Documents/repositories/ur_test/devel/include/ur_dashboard_msgs/RawRequestRequest.h)
Linked: (/home/martin/Documents/repositories/ur_test/devel/.private/ur_dashboard_msgs/include/ur_dashboard_msgs/RobotMode.h, /home/martin/Documents/repositories/ur_test/devel/include/ur_dashboard_msgs/RobotMode.h)
Linked: (/home/martin/Documents/repositories/ur_test/devel/.private/ur_dashboard_msgs/include/ur_dashboard_msgs/IsProgramRunning.h, /home/martin/Documents/repositories/ur_test/devel/include/ur_dashboard_msgs/IsProgramRunning.h)
Linked: (/home/martin/Documents/repositories/ur_test/devel/.private/ur_dashboard_msgs/include/ur_dashboard_msgs/SetModeResult.h, /home/martin/Documents/repositories/ur_test/devel/include/ur_dashboard_msgs/SetModeResult.h)
Linked: (/home/martin/Documents/repositories/ur_test/devel/.private/ur_dashboard_msgs/include/ur_dashboard_msgs/SetModeActionGoal.h, /home/martin/Documents/repositories/ur_test/devel/include/ur_dashboard_msgs/SetModeActionGoal.h)
Linked: (/home/martin/Documents/repositories/ur_test/devel/.private/ur_dashboard_msgs/include/ur_dashboard_msgs/IsProgramRunningRequest.h, /home/martin/Documents/repositories/ur_test/devel/include/ur_dashboard_msgs/IsProgramRunningRequest.h)
Linked: (/home/martin/Documents/repositories/ur_test/devel/.private/ur_dashboard_msgs/include/ur_dashboard_msgs/SetModeActionFeedback.h, /home/martin/Documents/repositories/ur_test/devel/include/ur_dashboard_msgs/SetModeActionFeedback.h)
Linked: (/home/martin/Documents/repositories/ur_test/devel/.private/ur_dashboard_msgs/include/ur_dashboard_msgs/IsProgramRunningResponse.h, /home/martin/Documents/repositories/ur_test/devel/include/ur_dashboard_msgs/IsProgramRunningResponse.h)
Linked: (/home/martin/Documents/repositories/ur_test/devel/.private/ur_dashboard_msgs/include/ur_dashboard_msgs/AddToLog.h, /home/martin/Documents/repositories/ur_test/devel/include/ur_dashboard_msgs/AddToLog.h)
Linked: (/home/martin/Documents/repositories/ur_test/devel/.private/ur_dashboard_msgs/include/ur_dashboard_msgs/GetSafetyModeRequest.h, /home/martin/Documents/repositories/ur_test/devel/include/ur_dashboard_msgs/GetSafetyModeRequest.h)
Linked: (/home/martin/Documents/repositories/ur_test/devel/.private/ur_dashboard_msgs/include/ur_dashboard_msgs/SetModeActionResult.h, /home/martin/Documents/repositories/ur_test/devel/include/ur_dashboard_msgs/SetModeActionResult.h)
Linked: (/home/martin/Documents/repositories/ur_test/devel/.private/ur_dashboard_msgs/include/ur_dashboard_msgs/RawRequest.h, /home/martin/Documents/repositories/ur_test/devel/include/ur_dashboard_msgs/RawRequest.h)
Linked: (/home/martin/Documents/repositories/ur_test/devel/.private/ur_dashboard_msgs/include/ur_dashboard_msgs/GetRobotModeRequest.h, /home/martin/Documents/repositories/ur_test/devel/include/ur_dashboard_msgs/GetRobotModeRequest.h)
Linked: (/home/martin/Documents/repositories/ur_test/devel/.private/ur_dashboard_msgs/include/ur_dashboard_msgs/IsProgramSavedRequest.h, /home/martin/Documents/repositories/ur_test/devel/include/ur_dashboard_msgs/IsProgramSavedRequest.h)
Linked: (/home/martin/Documents/repositories/ur_test/devel/.private/ur_dashboard_msgs/include/ur_dashboard_msgs/IsProgramSaved.h, /home/martin/Documents/repositories/ur_test/devel/include/ur_dashboard_msgs/IsProgramSaved.h)
Linked: (/home/martin/Documents/repositories/ur_test/devel/.private/ur_dashboard_msgs/include/ur_dashboard_msgs/GetSafetyMode.h, /home/martin/Documents/repositories/ur_test/devel/include/ur_dashboard_msgs/GetSafetyMode.h)
Linked: (/home/martin/Documents/repositories/ur_test/devel/.private/ur_dashboard_msgs/include/ur_dashboard_msgs/GetProgramState.h, /home/martin/Documents/repositories/ur_test/devel/include/ur_dashboard_msgs/GetProgramState.h)
Linked: (/home/martin/Documents/repositories/ur_test/devel/.private/ur_dashboard_msgs/include/ur_dashboard_msgs/LoadRequest.h, /home/martin/Documents/repositories/ur_test/devel/include/ur_dashboard_msgs/LoadRequest.h)
Linked: (/home/martin/Documents/repositories/ur_test/devel/.private/ur_dashboard_msgs/include/ur_dashboard_msgs/GetLoadedProgramRequest.h, /home/martin/Documents/repositories/ur_test/devel/include/ur_dashboard_msgs/GetLoadedProgramRequest.h)
Linked: (/home/martin/Documents/repositories/ur_test/devel/.private/ur_dashboard_msgs/include/ur_dashboard_msgs/SafetyMode.h, /home/martin/Documents/repositories/ur_test/devel/include/ur_dashboard_msgs/SafetyMode.h)
Linked: (/home/martin/Documents/repositories/ur_test/devel/.private/ur_dashboard_msgs/include/ur_dashboard_msgs/SetModeGoal.h, /home/martin/Documents/repositories/ur_test/devel/include/ur_dashboard_msgs/SetModeGoal.h)
